<?xml version="1.0" encoding="UTF-8"?>
<testng-results skipped="0" failed="0" ignored="0" total="2" passed="2">
  <reporter-output>
  </reporter-output>
  <suite name="Default suite" duration-ms="22418" started-at="2020-12-15T13:58:59 EST" finished-at="2020-12-15T13:59:21 EST">
    <groups>
    </groups>
    <test name="Default test" duration-ms="22418" started-at="2020-12-15T13:58:59 EST" finished-at="2020-12-15T13:59:21 EST">
      <class name="com.crm.qa.testcases.LoginPageTest">
        <test-method status="PASS" signature="setUp()[pri:0, instance:com.crm.qa.testcases.LoginPageTest@34e239]" name="setUp" is-config="true" duration-ms="9914" started-at="2020-12-15T13:58:59 EST" finished-at="2020-12-15T13:59:09 EST">
          <reporter-output>
          </reporter-output>
        </test-method> <!-- setUp -->
        <test-method status="PASS" signature="loginPageTitleTest()[pri:1, instance:com.crm.qa.testcases.LoginPageTest@34e239]" name="loginPageTitleTest" duration-ms="24" started-at="2020-12-15T13:59:09 EST" finished-at="2020-12-15T13:59:09 EST">
          <reporter-output>
          </reporter-output>
        </test-method> <!-- loginPageTitleTest -->
        <test-method status="PASS" signature="tearDown()[pri:0, instance:com.crm.qa.testcases.LoginPageTest@34e239]" name="tearDown" is-config="true" duration-ms="750" started-at="2020-12-15T13:59:09 EST" finished-at="2020-12-15T13:59:10 EST">
          <reporter-output>
          </reporter-output>
        </test-method> <!-- tearDown -->
        <test-method status="PASS" signature="setUp()[pri:0, instance:com.crm.qa.testcases.LoginPageTest@34e239]" name="setUp" is-config="true" duration-ms="5946" started-at="2020-12-15T13:59:10 EST" finished-at="2020-12-15T13:59:16 EST">
          <reporter-output>
          </reporter-output>
        </test-method> <!-- setUp -->
        <test-method status="PASS" signature="LoginTest()[pri:2, instance:com.crm.qa.testcases.LoginPageTest@34e239]" name="LoginTest" duration-ms="4828" started-at="2020-12-15T13:59:16 EST" finished-at="2020-12-15T13:59:20 EST">
          <reporter-output>
          </reporter-output>
        </test-method> <!-- LoginTest -->
        <test-method status="PASS" signature="tearDown()[pri:0, instance:com.crm.qa.testcases.LoginPageTest@34e239]" name="tearDown" is-config="true" duration-ms="908" started-at="2020-12-15T13:59:20 EST" finished-at="2020-12-15T13:59:21 EST">
          <reporter-output>
          </reporter-output>
        </test-method> <!-- tearDown -->
      </class> <!-- com.crm.qa.testcases.LoginPageTest -->
    </test> <!-- Default test -->
  </suite> <!-- Default suite -->
</testng-results>
